{"level":"info","message":"App running on port 3000...","timestamp":"2022-08-17T08:01:04.681Z"}
{"level":"info","message":"App running on port 3000...","timestamp":"2022-08-17T08:01:17.738Z"}
{"level":"info","message":"App running on port 3000...","timestamp":"2022-08-17T08:01:22.991Z"}
{"level":"info","message":"App running on port 3000...","timestamp":"2022-08-17T08:02:40.263Z"}
{"level":"info","message":"App running on port 3000...","timestamp":"2022-08-17T08:04:48.718Z"}
{"level":"info","message":"App running on port 3000...","timestamp":"2022-08-17T09:27:18.361Z"}
{"level":"info","message":"App running on port 3000...","timestamp":"2022-08-17T09:27:28.077Z"}
{"level":"error","message":"App running on port 3000...","timestamp":"2022-08-17T09:27:58.958Z"}
{"level":"error","message":"App running on port 3000...","timestamp":"2022-08-17T09:39:33.788Z"}
{"level":"error","message":"App running on port 3000...","timestamp":"2022-08-17T09:39:44.969Z"}
{"level":"error","message":"App running on port 3000...","timestamp":"2022-08-17T09:40:01.906Z"}
{"level":"error","message":"App running on port 3000...","timestamp":"2022-08-17T09:44:02.662Z"}
{"level":"error","message":"App running on port 3000...","timestamp":"2022-08-17T09:44:06.513Z"}
{"level":"error","message":"getAllUsageOfServer method has started","timestamp":"2022-08-17T09:44:14.611Z"}
{"level":"error","message":"App running on port 3000...","timestamp":"2022-08-17T09:45:12.528Z"}
{"level":"error","message":"App running on port 3000...","timestamp":"2022-08-17T09:51:11.823Z"}
{"level":"error","message":"App running on port 3000...","timestamp":"2022-08-17T09:52:08.822Z"}
{"level":"error","message":"App running on port 3000...","timestamp":"2022-08-17T09:52:14.530Z"}
{"level":"error","message":"UsageOfServer validation failed: SPH: a usageOfServerSchema must have a SPH","timestamp":"2022-08-17T09:52:19.185Z"}
{"level":"error","message":"App running on port 3000...","timestamp":"2022-08-17T09:54:03.474Z"}
{"level":"error","message":"App running on port 3000...","timestamp":"2022-08-17T09:55:22.657Z"}
{"level":"error","message":"App running on port 3000...","timestamp":"2022-08-17T10:23:03.275Z"}
{"level":"error","message":"App running on port 3000...","timestamp":"2022-08-17T14:47:49.837Z"}
{"level":"error","message":"userIdAndSPH method has started","timestamp":"2022-08-17T14:47:54.640Z"}
{"level":"error","message":"userIdAndSPH method has started","timestamp":"2022-08-17T14:48:32.004Z"}
{"level":"error","message":"userIdAndSPH method has started","timestamp":"2022-08-17T14:48:53.787Z"}
{"level":"error","message":"userIdAndSPH method has started","timestamp":"2022-08-17T14:49:05.159Z"}
{"level":"error","message":"userIdAndSPH method has started","timestamp":"2022-08-17T14:49:11.223Z"}
{"level":"error","message":"userIdAndSPH method has started","timestamp":"2022-08-17T14:49:21.305Z"}
{"level":"error","message":"userIdAndSPH method has started","timestamp":"2022-08-17T14:51:25.892Z"}
{"level":"error","message":"App running on port 3000...","timestamp":"2022-08-19T08:27:24.899Z"}
{"level":"error","message":"userIdAndSPH method has started","timestamp":"2022-08-19T08:27:52.296Z"}
{"level":"error","message":"userIdAndSPH method has started","timestamp":"2022-08-19T08:54:12.825Z"}
{"level":"error","message":"getAllUsageOfServer method has started","timestamp":"2022-08-19T08:55:57.413Z"}
{"level":"error","message":"getAllUsageOfServer method has started","timestamp":"2022-08-19T08:59:09.669Z"}
{"level":"error","message":"userIdAndSPH method has started","timestamp":"2022-08-19T08:59:46.515Z"}
{"level":"error","message":"userIdAndSPH method has started","timestamp":"2022-08-19T09:08:34.779Z"}
{"level":"error","message":"userIdAndSPH method has started","timestamp":"2022-08-19T09:10:04.729Z"}
{"level":"error","message":"Unexpected token ' in JSON at position 2","timestamp":"2022-08-19T09:10:06.831Z"}
{"level":"error","message":"Unexpected token ' in JSON at position 2","timestamp":"2022-08-19T09:10:25.453Z"}
{"level":"error","message":"Unexpected token ' in JSON at position 2","timestamp":"2022-08-19T09:10:33.860Z"}
{"level":"error","message":"Unexpected token S in JSON at position 0","timestamp":"2022-08-19T09:14:59.122Z"}
{"level":"error","message":"Unexpected token S in JSON at position 0","timestamp":"2022-08-19T09:15:16.829Z"}
{"level":"error","message":"Unexpected token S in JSON at position 0","timestamp":"2022-08-19T09:16:27.462Z"}
{"level":"error","message":"Unexpected token ' in JSON at position 2","timestamp":"2022-08-19T09:16:28.313Z"}
{"level":"error","message":"Unexpected token ' in JSON at position 1","timestamp":"2022-08-19T09:16:47.049Z"}
{"level":"error","message":"Unexpected token ' in JSON at position 1","timestamp":"2022-08-19T09:17:07.970Z"}
{"level":"error","message":"Unexpected token ' in JSON at position 1","timestamp":"2022-08-19T09:17:37.101Z"}
{"level":"error","message":"Unexpected token ' in JSON at position 1","timestamp":"2022-08-19T09:18:07.782Z"}
{"level":"error","message":"Unexpected token ' in JSON at position 1","timestamp":"2022-08-19T09:18:08.287Z"}
{"level":"error","message":"Unexpected token ' in JSON at position 1","timestamp":"2022-08-19T09:26:06.465Z"}
{"level":"error","message":"userIdAndSPH method has started","timestamp":"2022-08-19T09:29:00.465Z"}
{"level":"error","message":"userIdAndSPH method has started","timestamp":"2022-08-19T09:30:07.656Z"}
{"level":"error","message":"userIdAndSPH method has started","timestamp":"2022-08-19T09:30:39.173Z"}
{"level":"error","message":"userIdAndSPH method has started","timestamp":"2022-08-19T09:30:55.269Z"}
{"level":"error","message":"userIdAndSPH method has started","timestamp":"2022-08-19T09:30:58.348Z"}
{"level":"error","message":"Unexpected token ' in JSON at position 2","timestamp":"2022-08-19T09:31:47.766Z"}
{"level":"error","message":"Unexpected token ' in JSON at position 2","timestamp":"2022-08-19T09:32:01.719Z"}
{"level":"error","message":"userIdAndSPH method has started","timestamp":"2022-08-19T09:37:32.280Z"}
{"level":"error","message":"userIdAndSPH method has started","timestamp":"2022-08-19T09:39:32.337Z"}
{"level":"error","message":"userIdAndSPH method has started","timestamp":"2022-08-19T09:39:56.816Z"}
{"level":"error","message":"userIdAndSPH method has started","timestamp":"2022-08-19T09:40:06.317Z"}
{"level":"error","message":"userIdAndSPH method has started","timestamp":"2022-08-19T09:41:37.022Z"}
{"level":"error","message":"userIdAndSPH method has started","timestamp":"2022-08-19T09:45:33.777Z"}
{"level":"error","message":"userIdAndSPH method has started","timestamp":"2022-08-19T09:45:52.874Z"}
{"level":"error","message":"userIdAndSPH method has started","timestamp":"2022-08-19T10:16:40.577Z"}
{"level":"error","message":"App running on port 3000...","timestamp":"2022-08-19T10:17:35.705Z"}
{"level":"error","message":"userIdAndSPH method has started","timestamp":"2022-08-19T10:17:42.427Z"}
{"level":"error","message":"userIdAndSPH method has started","timestamp":"2022-08-19T10:17:55.842Z"}
{"level":"error","message":"userIdAndSPH method has started","timestamp":"2022-08-19T10:18:31.806Z"}
{"level":"error","message":"userIdAndSPH method has started","timestamp":"2022-08-19T10:26:25.109Z"}
{"level":"error","message":"userIdAndSPH method has started","timestamp":"2022-08-19T10:26:30.349Z"}
{"level":"error","message":"userIdAndSPH method has started","timestamp":"2022-08-19T10:26:36.974Z"}
{"level":"error","message":"userIdAndSPH method has started","timestamp":"2022-08-19T10:26:40.989Z"}
{"level":"error","message":"userIdAndSPH method has started","timestamp":"2022-08-19T10:26:43.484Z"}
{"level":"error","message":"userIdAndSPH method has started","timestamp":"2022-08-19T10:33:14.780Z"}
{"level":"error","message":"userIdAndSPH method has started","timestamp":"2022-08-19T10:33:16.755Z"}
{"level":"error","message":"userIdAndSPH method has started","timestamp":"2022-08-19T10:36:57.730Z"}
{"level":"error","message":"userIdAndSPH method has started","timestamp":"2022-08-19T10:36:59.009Z"}
{"level":"error","message":"userIdAndSPH method has started","timestamp":"2022-08-19T10:37:00.505Z"}
{"level":"error","message":"userIdAndSPH method has started","timestamp":"2022-08-19T10:37:01.673Z"}
{"level":"error","message":"userIdAndSPH method has started","timestamp":"2022-08-19T10:37:35.995Z"}
{"level":"error","message":"userIdAndSPH method has started","timestamp":"2022-08-19T10:37:45.209Z"}
{"level":"error","message":"userIdAndSPH method has started","timestamp":"2022-08-19T10:39:21.689Z"}
{"level":"error","message":"App running on port 3000...","timestamp":"2022-08-19T10:48:48.744Z"}
{"level":"error","message":"App running on port 3000...","timestamp":"2022-08-19T10:48:51.238Z"}
{"level":"error","message":"App running on port 3000...","timestamp":"2022-08-19T10:49:01.423Z"}
{"level":"error","message":"App running on port 3000...","timestamp":"2022-08-19T10:49:40.186Z"}
{"level":"error","message":"App running on port 3000...","timestamp":"2022-08-19T10:52:23.793Z"}
{"level":"error","message":"App running on port 3000...","timestamp":"2022-08-19T10:53:31.517Z"}
{"level":"error","message":"App running on port 3000...","timestamp":"2022-08-19T10:54:18.707Z"}
{"level":"error","message":"userIdAndSPH method has started","timestamp":"2022-08-19T10:54:21.366Z"}
{"level":"error","message":"App running on port 3000...","timestamp":"2022-08-19T10:55:28.205Z"}
{"level":"error","message":"userIdAndSPH method has started","timestamp":"2022-08-19T10:56:17.049Z"}
{"level":"error","message":"App running on port 3000...","timestamp":"2022-08-19T10:56:37.380Z"}
{"level":"error","message":"userIdAndSPH method has started","timestamp":"2022-08-19T10:57:35.543Z"}
{"level":"error","message":"App running on port 3000...","timestamp":"2022-08-19T10:58:42.998Z"}
{"level":"error","message":"userIdAndSPH method has started","timestamp":"2022-08-19T10:59:19.348Z"}
{"level":"error","message":"App running on port 3000...","timestamp":"2022-08-19T11:00:42.774Z"}
{"level":"error","message":"userIdAndSPH method has started","timestamp":"2022-08-19T11:01:24.800Z"}
{"level":"error","message":"App running on port 3000...","timestamp":"2022-08-19T11:03:00.704Z"}
{"level":"error","message":"userIdAndSPH method has started","timestamp":"2022-08-19T11:03:19.043Z"}
{"level":"error","message":"App running on port 3000...","timestamp":"2022-08-19T11:05:28.079Z"}
{"level":"error","message":"App running on port 3000...","timestamp":"2022-08-19T11:08:07.617Z"}
{"level":"error","message":"userIdAndSPH method has started","timestamp":"2022-08-19T11:08:38.229Z"}
{"level":"error","message":"userIdAndSPH method has started","timestamp":"2022-08-19T11:11:25.117Z"}
{"level":"error","message":"App running on port 3000...","timestamp":"2022-08-19T11:22:04.066Z"}
{"level":"error","message":"userIdAndSPH method has started","timestamp":"2022-08-19T11:22:14.237Z"}
{"level":"error","message":"App running on port 3000...","timestamp":"2022-08-19T11:22:58.018Z"}
{"level":"error","message":"userIdAndSPH method has started","timestamp":"2022-08-19T11:23:20.890Z"}
{"level":"error","message":"App running on port 3000...","timestamp":"2022-08-19T11:30:52.143Z"}
{"level":"error","message":"userIdAndSPH method has started","timestamp":"2022-08-19T11:30:58.675Z"}
{"level":"error","message":"App running on port 3000...","timestamp":"2022-08-19T11:31:22.395Z"}
{"level":"error","message":"App running on port 3000...","timestamp":"2022-08-19T11:33:00.661Z"}
{"level":"error","message":"App running on port 3000...","timestamp":"2022-08-19T11:33:45.336Z"}
{"level":"error","message":"userIdAndSPH method has started","timestamp":"2022-08-19T11:33:59.646Z"}
{"level":"error","message":"App running on port 3000...","timestamp":"2022-08-19T11:34:09.582Z"}
{"level":"error","message":"userIdAndSPH method has started","timestamp":"2022-08-19T11:34:16.544Z"}
{"level":"error","message":"App running on port 3000...","timestamp":"2022-08-19T11:34:41.255Z"}
{"level":"error","message":"userIdAndSPH method has started","timestamp":"2022-08-19T11:34:46.472Z"}
{"level":"error","message":"App running on port 3000...","timestamp":"2022-08-19T11:35:03.226Z"}
{"level":"error","message":"App running on port 3000...","timestamp":"2022-08-19T11:35:28.159Z"}
{"level":"error","message":"userIdAndSPH method has started","timestamp":"2022-08-19T11:35:48.040Z"}
{"level":"error","message":"App running on port 3000...","timestamp":"2022-08-19T11:36:04.976Z"}
{"level":"error","message":"rl is not defined","timestamp":"2022-08-19T11:36:07.894Z"}
{"level":"error","message":"App running on port 3000...","timestamp":"2022-08-19T11:36:13.451Z"}
{"level":"error","message":"rl is not defined","timestamp":"2022-08-19T11:36:15.967Z"}
{"level":"error","message":"App running on port 3000...","timestamp":"2022-08-19T11:36:32.056Z"}
{"level":"error","message":"App running on port 3000...","timestamp":"2022-08-19T11:36:54.503Z"}
{"level":"error","message":"App running on port 3000...","timestamp":"2022-08-19T11:36:58.369Z"}
{"level":"error","message":"Cannot read properties of undefined (reading 'question')","timestamp":"2022-08-19T11:37:02.459Z"}
{"level":"error","message":"App running on port 3000...","timestamp":"2022-08-19T11:37:14.837Z"}
{"level":"error","message":"userIdAndSPH method has started","timestamp":"2022-08-19T11:37:26.342Z"}
{"level":"error","message":"App running on port 3000...","timestamp":"2022-08-19T11:38:29.466Z"}
{"level":"error","message":"userIdAndSPH method has started","timestamp":"2022-08-19T11:38:37.537Z"}
{"level":"error","message":"App running on port 3000...","timestamp":"2022-08-19T11:39:03.413Z"}
{"level":"error","message":"userIdAndSPH method has started","timestamp":"2022-08-19T11:39:09.118Z"}
{"level":"error","message":"App running on port 3000...","timestamp":"2022-08-19T11:40:05.371Z"}
{"level":"error","message":"userIdAndSPH method has started","timestamp":"2022-08-19T11:40:10.320Z"}
{"level":"error","message":"App running on port 3000...","timestamp":"2022-08-19T11:40:19.790Z"}
{"level":"error","message":"userIdAndSPH method has started","timestamp":"2022-08-19T11:40:27.713Z"}
{"level":"error","message":"userIdAndSPH method has started","timestamp":"2022-08-19T11:40:40.045Z"}
{"level":"error","message":"userIdAndSPH method has started","timestamp":"2022-08-19T11:40:47.050Z"}
{"level":"error","message":"userIdAndSPH method has started","timestamp":"2022-08-19T11:40:55.186Z"}
{"level":"error","message":"userIdAndSPH method has started","timestamp":"2022-08-19T11:41:01.809Z"}
{"level":"error","message":"userIdAndSPH method has started","timestamp":"2022-08-19T11:42:10.873Z"}
{"level":"error","message":"userIdAndSPH method has started","timestamp":"2022-08-19T11:44:34.680Z"}
{"level":"error","message":"userIdAndSPH method has started","timestamp":"2022-08-19T11:45:14.320Z"}
{"level":"error","message":"userIdAndSPH method has started","timestamp":"2022-08-19T11:54:32.623Z"}
{"level":"error","message":"userIdAndSPH method has started","timestamp":"2022-08-19T11:54:51.078Z"}
{"level":"error","message":"userIdAndSPH method has started","timestamp":"2022-08-19T11:55:01.640Z"}
{"level":"error","message":"userIdAndSPH method has started","timestamp":"2022-08-19T11:55:10.094Z"}
{"level":"error","message":"userIdAndSPH method has started","timestamp":"2022-08-19T11:56:15.917Z"}
{"level":"error","message":"App running on port 3000...","timestamp":"2022-08-19T11:56:41.582Z"}
{"level":"error","message":"userIdAndSPH method has started","timestamp":"2022-08-19T11:57:29.720Z"}
{"level":"error","message":"userIdAndSPH method has started","timestamp":"2022-08-19T11:57:37.125Z"}
{"level":"error","message":"userIdAndSPH method has started","timestamp":"2022-08-19T11:58:02.492Z"}
{"level":"error","message":"App running on port 3000...","timestamp":"2022-08-19T11:59:51.054Z"}
{"level":"error","message":"App running on port 3000...","timestamp":"2022-08-19T12:32:29.197Z"}
{"level":"error","message":"userIdAndSPH method has started","timestamp":"2022-08-19T12:32:59.404Z"}
{"level":"error","message":"userIdAndSPH method has started","timestamp":"2022-08-19T12:33:12.398Z"}
{"level":"error","message":"userIdAndSPH method has started","timestamp":"2022-08-19T12:34:47.085Z"}
{"level":"error","message":"userIdAndSPH method has started","timestamp":"2022-08-19T12:35:02.046Z"}
{"level":"error","message":"App running on port 3000...","timestamp":"2022-08-19T12:42:10.348Z"}
{"level":"error","message":"App running on port 3000...","timestamp":"2022-08-19T12:42:45.066Z"}
{"level":"error","message":"userIdAndSPH method has started","timestamp":"2022-08-19T12:42:51.471Z"}
{"level":"error","message":"App running on port 3000...","timestamp":"2022-08-19T12:43:17.422Z"}
{"level":"error","message":"userIdAndSPH method has started","timestamp":"2022-08-19T12:43:21.559Z"}
{"level":"error","message":"App running on port 3000...","timestamp":"2022-08-19T12:43:56.480Z"}
{"level":"error","message":"userIdAndSPH method has started","timestamp":"2022-08-19T12:44:04.248Z"}
{"level":"error","message":"userIdAndSPH method has started","timestamp":"2022-08-19T12:44:27.795Z"}
{"level":"error","message":"userIdAndSPH method has started","timestamp":"2022-08-19T12:44:44.963Z"}
{"level":"error","message":"App running on port 3000...","timestamp":"2022-08-19T12:45:02.281Z"}
{"level":"error","message":"userIdAndSPH method has started","timestamp":"2022-08-19T12:45:09.937Z"}
{"level":"error","message":"App running on port 3000...","timestamp":"2022-08-19T12:45:36.888Z"}
{"level":"error","message":"userIdAndSPH method has started","timestamp":"2022-08-19T12:45:43.727Z"}
{"level":"error","message":"App running on port 3000...","timestamp":"2022-08-19T12:46:22.983Z"}
{"level":"error","message":"userIdAndSPH method has started","timestamp":"2022-08-19T12:46:29.911Z"}
{"level":"error","message":"App running on port 3000...","timestamp":"2022-08-19T12:47:01.178Z"}
{"level":"error","message":"App running on port 3000...","timestamp":"2022-08-19T12:47:21.721Z"}
{"level":"error","message":"App running on port 3000...","timestamp":"2022-08-19T12:48:16.398Z"}
{"level":"error","message":"userIdAndSPH method has started","timestamp":"2022-08-19T12:48:22.638Z"}
{"level":"error","message":"App running on port 3000...","timestamp":"2022-08-19T12:48:55.218Z"}
{"level":"error","message":"userIdAndSPH method has started","timestamp":"2022-08-19T12:49:01.980Z"}
{"level":"error","message":"App running on port 3000...","timestamp":"2022-08-19T12:49:16.822Z"}
{"level":"error","message":"userIdAndSPH method has started","timestamp":"2022-08-19T12:49:23.297Z"}
{"level":"error","message":"userIdAndSPH method has started","timestamp":"2022-08-19T12:50:51.562Z"}
{"level":"error","message":"App running on port 3000...","timestamp":"2022-08-19T12:52:14.670Z"}
{"level":"error","message":"userIdAndSPH method has started","timestamp":"2022-08-19T12:52:29.408Z"}
{"level":"error","message":"App running on port 3000...","timestamp":"2022-08-22T08:37:34.324Z"}
{"level":"error","message":"App running on port 3000...","timestamp":"2022-08-22T08:57:00.313Z"}
{"level":"error","message":"userIdAndSPH method has started","timestamp":"2022-08-22T09:00:56.618Z"}
{"level":"error","message":"App running on port 3000...","timestamp":"2022-08-22T10:18:02.748Z"}
{"level":"error","message":"userIdAndSPH method has started","timestamp":"2022-08-22T10:18:27.365Z"}
{"level":"error","message":"userIdAndSPH method has started","timestamp":"2022-08-22T10:18:27.370Z"}
{"level":"error","message":"userIdAndSPH method has started","timestamp":"2022-08-22T10:18:53.588Z"}
{"level":"error","message":"App running on port 3000...","timestamp":"2022-08-22T10:31:45.792Z"}
{"level":"error","message":"App running on port 3000...","timestamp":"2022-08-22T10:31:48.493Z"}
{"level":"error","message":"App running on port 3000...","timestamp":"2022-08-22T10:32:08.152Z"}
{"level":"error","message":"userIdAndSPH method has started","timestamp":"2022-08-22T10:32:19.949Z"}
{"level":"error","message":"App running on port 3000...","timestamp":"2022-08-22T10:32:49.947Z"}
{"level":"error","message":"App running on port 3000...","timestamp":"2022-08-22T10:35:21.513Z"}
{"level":"error","message":"App running on port 3000...","timestamp":"2022-08-22T10:35:39.160Z"}
{"level":"error","message":"userIdAndSPH method has started","timestamp":"2022-08-22T10:35:52.444Z"}
{"level":"error","message":"App running on port 3000...","timestamp":"2022-08-22T10:36:04.315Z"}
{"level":"error","message":"userIdAndSPH method has started","timestamp":"2022-08-22T10:36:19.219Z"}
{"level":"error","message":"userIdAndSPH method has started","timestamp":"2022-08-22T10:36:19.222Z"}
{"level":"error","message":"App running on port 3000...","timestamp":"2022-08-22T10:37:02.729Z"}
{"level":"error","message":"App running on port 3000...","timestamp":"2022-08-22T10:37:05.977Z"}
{"level":"error","message":"App running on port 3000...","timestamp":"2022-08-22T10:37:08.457Z"}
{"level":"error","message":"userIdAndSPH method has started","timestamp":"2022-08-22T10:37:23.518Z"}
{"level":"error","message":"App running on port 3000...","timestamp":"2022-08-22T10:37:43.262Z"}
{"level":"error","message":"App running on port 3000...","timestamp":"2022-08-22T10:37:49.769Z"}
{"level":"error","message":"userIdAndSPH method has started","timestamp":"2022-08-22T10:37:57.768Z"}
{"level":"error","message":"App running on port 3000...","timestamp":"2022-08-22T10:38:13.074Z"}
{"level":"error","message":"App running on port 3000...","timestamp":"2022-08-22T10:38:32.592Z"}
{"level":"error","message":"App running on port 3000...","timestamp":"2022-08-22T10:46:22.923Z"}
{"level":"error","message":"App running on port 3000...","timestamp":"2022-08-22T10:46:31.257Z"}
{"level":"error","message":"App running on port 3000...","timestamp":"2022-08-22T10:46:38.427Z"}
{"level":"error","message":"App running on port 3000...","timestamp":"2022-08-22T10:46:42.989Z"}
{"level":"error","message":"userIdAndSPH method has started","timestamp":"2022-08-22T10:48:49.802Z"}
{"level":"error","message":"userIdAndSPH method has crashed","timestamp":"2022-08-22T10:48:54.339Z"}
{"level":"error","message":"App running on port 3000...","timestamp":"2022-08-22T10:54:02.206Z"}
{"level":"error","message":"App running on port 3000...","timestamp":"2022-08-22T10:59:43.916Z"}
{"level":"error","message":"App running on port 3000...","timestamp":"2022-08-22T11:00:14.438Z"}
{"level":"error","message":"App running on port 3000...","timestamp":"2022-08-22T11:00:23.186Z"}
{"level":"error","message":"App running on port 3000...","timestamp":"2022-08-22T11:00:26.024Z"}
{"level":"error","message":"App running on port 3000...","timestamp":"2022-08-22T11:00:28.698Z"}
{"level":"error","message":"App running on port 3000...","timestamp":"2022-08-22T11:00:37.759Z"}
{"level":"error","message":"App running on port 3000...","timestamp":"2022-08-22T11:00:57.423Z"}
{"level":"error","message":"App running on port 3000...","timestamp":"2022-08-22T11:01:21.751Z"}
{"level":"error","message":"App running on port 3000...","timestamp":"2022-08-22T11:03:05.765Z"}
{"level":"error","message":"App running on port 3000...","timestamp":"2022-08-22T11:03:29.593Z"}
{"level":"error","message":"App running on port 3000...","timestamp":"2022-08-22T11:03:32.704Z"}
{"level":"error","message":"App running on port 3000...","timestamp":"2022-08-22T11:03:35.775Z"}
{"level":"error","message":"App running on port 3000...","timestamp":"2022-08-22T11:04:28.812Z"}
{"level":"error","message":"App running on port 3000...","timestamp":"2022-08-22T11:04:37.784Z"}
{"level":"error","message":"App running on port 3000...","timestamp":"2022-08-22T11:04:41.939Z"}
{"level":"error","message":"App running on port 3000...","timestamp":"2022-08-22T11:04:49.157Z"}
{"level":"error","message":"App running on port 3000...","timestamp":"2022-08-22T11:04:56.781Z"}
{"level":"error","message":"App running on port 3000...","timestamp":"2022-08-22T11:05:02.250Z"}
{"level":"error","message":"App running on port 3000...","timestamp":"2022-08-22T11:05:09.468Z"}
{"level":"error","message":"App running on port 3000...","timestamp":"2022-08-22T11:05:19.479Z"}
{"level":"error","message":"App running on port 3000...","timestamp":"2022-08-22T11:05:23.699Z"}
{"level":"error","message":"App running on port 3000...","timestamp":"2022-08-22T11:05:28.879Z"}
{"level":"error","message":"App running on port 3000...","timestamp":"2022-08-22T11:05:45.850Z"}
{"level":"error","message":"App running on port 3000...","timestamp":"2022-08-22T11:06:02.315Z"}
{"level":"error","message":"App running on port 3000...","timestamp":"2022-08-22T11:06:12.024Z"}
{"level":"error","message":"App running on port 3000...","timestamp":"2022-08-22T11:06:35.060Z"}
{"level":"error","message":"App running on port 3000...","timestamp":"2022-08-22T11:06:37.177Z"}
{"level":"error","message":"App running on port 3000...","timestamp":"2022-08-22T11:07:35.738Z"}
{"level":"error","message":"App running on port 3000...","timestamp":"2022-08-22T11:07:40.651Z"}
{"level":"error","message":"App running on port 3000...","timestamp":"2022-08-22T11:07:50.277Z"}
{"level":"error","message":"App running on port 3000...","timestamp":"2022-08-22T11:07:56.078Z"}
{"level":"error","message":"App running on port 3000...","timestamp":"2022-08-22T11:08:09.208Z"}
{"level":"error","message":"App running on port 3000...","timestamp":"2022-08-22T11:08:12.140Z"}
{"level":"error","message":"App running on port 3000...","timestamp":"2022-08-22T11:08:16.144Z"}
{"level":"error","message":"App running on port 3000...","timestamp":"2022-08-22T11:08:21.662Z"}
{"level":"error","message":"App running on port 3000...","timestamp":"2022-08-22T11:08:39.739Z"}
{"level":"error","message":"App running on port 3000...","timestamp":"2022-08-22T11:09:33.714Z"}
{"level":"error","message":"App running on port 3000...","timestamp":"2022-08-22T11:09:37.076Z"}
{"level":"error","message":"App running on port 3000...","timestamp":"2022-08-22T11:09:39.991Z"}
{"level":"error","message":"App running on port 3000...","timestamp":"2022-08-22T11:09:47.466Z"}
{"level":"error","message":"App running on port 3000...","timestamp":"2022-08-22T11:09:57.077Z"}
{"level":"error","message":"App running on port 3000...","timestamp":"2022-08-22T11:10:02.616Z"}
{"level":"error","message":"App running on port 3000...","timestamp":"2022-08-22T11:10:06.008Z"}
{"level":"error","message":"App running on port 3000...","timestamp":"2022-08-22T11:10:17.637Z"}
{"level":"error","message":"App running on port 3000...","timestamp":"2022-08-22T11:13:10.929Z"}
{"level":"error","message":"App running on port 3000...","timestamp":"2022-08-22T11:13:26.729Z"}
{"level":"error","message":"App running on port 3000...","timestamp":"2022-08-22T11:13:37.024Z"}
{"level":"error","message":"App running on port 3000...","timestamp":"2022-08-22T11:14:11.083Z"}
{"level":"error","message":"App running on port 3000...","timestamp":"2022-08-22T11:14:30.130Z"}
{"level":"error","message":"App running on port 3000...","timestamp":"2022-08-22T11:14:59.502Z"}
{"level":"error","message":"userIdAndSPH method has started","timestamp":"2022-08-22T11:15:06.654Z"}
{"level":"error","message":"App running on port 3000...","timestamp":"2022-08-22T11:15:23.151Z"}
{"level":"error","message":"App running on port 3000...","timestamp":"2022-08-22T11:15:25.941Z"}
{"level":"error","message":"userIdAndSPH method has started","timestamp":"2022-08-22T11:15:34.147Z"}
{"level":"error","message":"App running on port 3000...","timestamp":"2022-08-22T11:15:52.988Z"}
{"level":"error","message":"App running on port 3000...","timestamp":"2022-08-22T11:16:00.135Z"}
{"level":"error","message":"App running on port 3000...","timestamp":"2022-08-22T11:16:04.406Z"}
{"level":"error","message":"userIdAndSPH method has started","timestamp":"2022-08-22T11:17:02.756Z"}
{"level":"error","message":"userIdAndSPH method has started","timestamp":"2022-08-22T11:17:02.758Z"}
{"level":"error","message":"App running on port 3000...","timestamp":"2022-08-22T11:17:28.142Z"}
{"level":"error","message":"userIdAndSPH method has started","timestamp":"2022-08-22T11:17:33.451Z"}
{"level":"error","message":"userIdAndSPH method has crashed","timestamp":"2022-08-22T11:17:33.966Z"}
{"level":"error","message":"App running on port 3000...","timestamp":"2022-08-22T11:18:30.707Z"}
{"level":"error","message":"App running on port 3000...","timestamp":"2022-08-22T11:18:46.341Z"}
{"level":"error","message":"App running on port 3000...","timestamp":"2022-08-22T11:18:49.567Z"}
{"level":"error","message":"App running on port 3000...","timestamp":"2022-08-22T11:18:57.066Z"}
{"level":"error","message":"App running on port 3000...","timestamp":"2022-08-22T11:19:01.938Z"}
{"level":"error","message":"App running on port 3000...","timestamp":"2022-08-22T11:19:30.463Z"}
{"level":"error","message":"userIdAndSPH method has started","timestamp":"2022-08-22T11:19:38.667Z"}
{"level":"error","message":"userIdAndSPH method has crashed","timestamp":"2022-08-22T11:19:39.089Z"}
{"level":"error","message":"App running on port 3000...","timestamp":"2022-08-22T11:20:42.489Z"}
{"level":"error","message":"userIdAndSPH method has started","timestamp":"2022-08-22T11:20:49.187Z"}
{"level":"error","message":"userIdAndSPH method has crashed","timestamp":"2022-08-22T11:20:49.719Z"}
{"level":"error","message":"App running on port 3000...","timestamp":"2022-08-22T11:21:15.878Z"}
{"level":"error","message":"App running on port 3000...","timestamp":"2022-08-22T11:22:10.564Z"}
{"level":"error","message":"userIdAndSPH method has started","timestamp":"2022-08-22T11:22:19.346Z"}
{"level":"error","message":"userIdAndSPH method has crashed","timestamp":"2022-08-22T11:22:19.819Z"}
{"level":"error","message":"App running on port 3000...","timestamp":"2022-08-22T11:22:31.757Z"}
{"level":"error","message":"App running on port 3000...","timestamp":"2022-08-22T11:22:53.503Z"}
{"level":"error","message":"userIdAndSPH method has started","timestamp":"2022-08-22T11:23:29.282Z"}
{"level":"error","message":"userIdAndSPH method has crashed","timestamp":"2022-08-22T11:23:29.758Z"}
{"level":"error","message":"App running on port 3000...","timestamp":"2022-08-22T11:24:55.009Z"}
{"level":"error","message":"App running on port 3000...","timestamp":"2022-08-22T11:24:57.577Z"}
{"level":"error","message":"App running on port 3000...","timestamp":"2022-08-22T11:25:03.891Z"}
{"level":"error","message":"App running on port 3000...","timestamp":"2022-08-22T11:25:07.808Z"}
{"level":"error","message":"App running on port 3000...","timestamp":"2022-08-22T11:26:18.877Z"}
{"level":"error","message":"userIdAndSPH method has started","timestamp":"2022-08-22T11:27:40.956Z"}
{"level":"error","message":"userIdAndSPH method has crashed","timestamp":"2022-08-22T11:27:41.483Z"}
{"level":"error","message":"App running on port 3000...","timestamp":"2022-08-22T11:30:02.342Z"}
{"level":"error","message":"userIdAndSPH method has started","timestamp":"2022-08-22T11:30:08.552Z"}
{"level":"error","message":"App running on port 3000...","timestamp":"2022-08-22T11:30:56.384Z"}
{"level":"error","message":"userIdAndSPH method has started","timestamp":"2022-08-22T11:31:04.159Z"}
{"level":"error","message":"App running on port 3000...","timestamp":"2022-08-22T11:36:55.596Z"}
{"level":"error","message":"userIdAndSPH method has started","timestamp":"2022-08-22T11:37:41.319Z"}
{"level":"error","message":"App running on port 3000...","timestamp":"2022-08-22T11:38:22.738Z"}
{"level":"error","message":"userIdAndSPH method has started","timestamp":"2022-08-22T11:38:39.327Z"}
{"level":"error","message":"userIdAndSPH method has started","timestamp":"2022-08-22T11:38:46.947Z"}
{"level":"error","message":"App running on port 3000...","timestamp":"2022-08-22T11:39:08.664Z"}
{"level":"error","message":"userIdAndSPH method has started","timestamp":"2022-08-22T11:39:15.623Z"}
{"level":"error","message":"userIdAndSPH method has started","timestamp":"2022-08-22T11:39:23.701Z"}
{"level":"error","message":"App running on port 3000...","timestamp":"2022-08-22T11:39:36.247Z"}
{"level":"error","message":"userIdAndSPH method has started","timestamp":"2022-08-22T11:39:44.080Z"}
{"level":"error","message":"App running on port 3000...","timestamp":"2022-08-22T11:39:49.854Z"}
{"level":"error","message":"App running on port 3000...","timestamp":"2022-08-22T11:40:01.027Z"}
{"level":"error","message":"App running on port 3000...","timestamp":"2022-08-22T11:40:04.852Z"}
{"level":"error","message":"userIdAndSPH method has started","timestamp":"2022-08-22T11:40:10.055Z"}
{"level":"error","message":"App running on port 3000...","timestamp":"2022-08-22T11:40:40.723Z"}
{"level":"error","message":"App running on port 3000...","timestamp":"2022-08-22T11:40:48.046Z"}
{"level":"error","message":"App running on port 3000...","timestamp":"2022-08-22T11:41:00.047Z"}
{"level":"error","message":"userIdAndSPH method has started","timestamp":"2022-08-22T11:41:12.462Z"}
{"level":"error","message":"App running on port 3000...","timestamp":"2022-08-22T11:42:51.107Z"}
{"level":"error","message":"userIdAndSPH method has started","timestamp":"2022-08-22T11:42:56.854Z"}
{"level":"error","message":"App running on port 3000...","timestamp":"2022-08-22T11:43:14.122Z"}
{"level":"error","message":"userIdAndSPH method has started","timestamp":"2022-08-22T11:43:19.151Z"}
{"level":"error","message":"App running on port 3000...","timestamp":"2022-08-22T11:43:34.381Z"}
{"level":"error","message":"App running on port 3000...","timestamp":"2022-08-22T11:43:37.137Z"}
{"level":"error","message":"userIdAndSPH method has started","timestamp":"2022-08-22T11:43:43.069Z"}
{"level":"error","message":"App running on port 3000...","timestamp":"2022-08-22T11:44:16.064Z"}
{"level":"error","message":"App running on port 3000...","timestamp":"2022-08-22T11:44:30.194Z"}
{"level":"error","message":"App running on port 3000...","timestamp":"2022-08-22T11:47:32.689Z"}
{"level":"error","message":"App running on port 3000...","timestamp":"2022-08-22T11:47:53.972Z"}
{"level":"error","message":"App running on port 3000...","timestamp":"2022-08-22T11:48:00.646Z"}
{"level":"error","message":"userIdAndSPH method has started","timestamp":"2022-08-22T11:48:13.367Z"}
{"level":"error","message":"App running on port 3000...","timestamp":"2022-08-22T11:49:58.337Z"}
{"level":"error","message":"App running on port 3000...","timestamp":"2022-08-22T11:50:01.309Z"}
{"level":"error","message":"App running on port 3000...","timestamp":"2022-08-22T11:50:18.257Z"}
{"level":"error","message":"App running on port 3000...","timestamp":"2022-08-22T11:50:23.832Z"}
{"level":"error","message":"userIdAndSPH method has started","timestamp":"2022-08-22T11:50:34.308Z"}
{"level":"error","message":"App running on port 3000...","timestamp":"2022-08-22T11:51:33.568Z"}
{"level":"error","message":"userIdAndSPH method has started","timestamp":"2022-08-22T11:51:42.944Z"}
{"level":"error","message":"App running on port 3000...","timestamp":"2022-08-22T11:52:22.286Z"}
{"level":"error","message":"App running on port 3000...","timestamp":"2022-08-22T11:52:25.437Z"}
{"level":"error","message":"App running on port 3000...","timestamp":"2022-08-22T11:52:27.927Z"}
{"level":"error","message":"App running on port 3000...","timestamp":"2022-08-22T11:53:00.922Z"}
{"level":"error","message":"App running on port 3000...","timestamp":"2022-08-22T11:53:27.393Z"}
{"level":"error","message":"App running on port 3000...","timestamp":"2022-08-22T11:53:31.046Z"}
{"level":"error","message":"App running on port 3000...","timestamp":"2022-08-22T11:53:50.583Z"}
{"level":"error","message":"App running on port 3000...","timestamp":"2022-08-22T11:54:01.585Z"}
{"level":"error","message":"App running on port 3000...","timestamp":"2022-08-22T11:54:05.695Z"}
{"level":"error","message":"App running on port 3000...","timestamp":"2022-08-22T11:54:11.676Z"}
{"level":"error","message":"App running on port 3000...","timestamp":"2022-08-22T11:54:21.757Z"}
{"level":"error","message":"App running on port 3000...","timestamp":"2022-08-22T11:54:31.666Z"}
{"level":"error","message":"App running on port 3000...","timestamp":"2022-08-22T11:54:33.723Z"}
{"level":"error","message":"App running on port 3000...","timestamp":"2022-08-22T11:54:35.959Z"}
{"level":"error","message":"App running on port 3000...","timestamp":"2022-08-22T11:54:41.078Z"}
{"level":"error","message":"App running on port 3000...","timestamp":"2022-08-22T11:54:47.478Z"}
{"level":"error","message":"App running on port 3000...","timestamp":"2022-08-22T12:11:39.860Z"}
{"level":"error","message":"App running on port 3000...","timestamp":"2022-08-22T12:15:04.780Z"}
{"level":"error","message":"App running on port 3000...","timestamp":"2022-08-22T12:16:21.716Z"}
{"level":"error","message":"App running on port 3000...","timestamp":"2022-08-22T12:16:24.327Z"}
{"level":"error","message":"App running on port 3000...","timestamp":"2022-08-22T12:16:43.383Z"}
{"level":"error","message":"App running on port 3000...","timestamp":"2022-08-22T12:19:18.231Z"}
{"level":"error","message":"App running on port 3000...","timestamp":"2022-08-22T12:19:23.962Z"}
{"level":"error","message":"App running on port 3000...","timestamp":"2022-08-22T12:19:40.656Z"}
{"level":"error","message":"App running on port 3000...","timestamp":"2022-08-22T12:19:50.127Z"}
{"level":"error","message":"App running on port 3000...","timestamp":"2022-08-22T12:19:54.024Z"}
{"level":"error","message":"App running on port 3000...","timestamp":"2022-08-22T12:19:57.178Z"}
{"level":"error","message":"userIdAndSPH method has started","timestamp":"2022-08-22T12:20:07.940Z"}
{"level":"error","message":"userIdAndSPH method has started","timestamp":"2022-08-22T12:20:20.082Z"}
{"level":"error","message":"App running on port 3000...","timestamp":"2022-08-22T12:27:04.712Z"}
{"level":"error","message":"userIdAndSPH method has started","timestamp":"2022-08-22T12:27:13.987Z"}
{"level":"error","message":"App running on port 3000...","timestamp":"2022-08-22T12:27:38.683Z"}
{"level":"error","message":"App running on port 3000...","timestamp":"2022-08-22T12:27:47.584Z"}
{"level":"error","message":"App running on port 3000...","timestamp":"2022-08-22T12:27:50.776Z"}
{"level":"error","message":"App running on port 3000...","timestamp":"2022-08-22T12:27:53.439Z"}
{"level":"error","message":"userIdAndSPH method has started","timestamp":"2022-08-22T12:27:57.308Z"}
{"level":"error","message":"App running on port 3000...","timestamp":"2022-08-22T12:28:15.121Z"}
{"level":"error","message":"App running on port 3000...","timestamp":"2022-08-22T12:28:30.999Z"}
{"level":"error","message":"App running on port 3000...","timestamp":"2022-08-22T12:39:20.573Z"}
{"level":"error","message":"userIdAndSPH method has started","timestamp":"2022-08-22T12:39:33.121Z"}
{"level":"error","message":"App running on port 3000...","timestamp":"2022-08-22T12:40:10.404Z"}
{"level":"error","message":"App running on port 3000...","timestamp":"2022-08-22T12:40:14.993Z"}
{"level":"error","message":"userIdAndSPH method has started","timestamp":"2022-08-22T12:40:20.690Z"}
{"level":"error","message":"App running on port 3000...","timestamp":"2022-08-22T12:40:42.441Z"}
{"level":"error","message":"userIdAndSPH method has started","timestamp":"2022-08-22T12:40:46.699Z"}
{"level":"error","message":"App running on port 3000...","timestamp":"2022-08-22T12:40:55.733Z"}
{"level":"error","message":"userIdAndSPH method has started","timestamp":"2022-08-22T12:41:09.272Z"}
{"level":"error","message":"App running on port 3000...","timestamp":"2022-08-22T12:41:34.014Z"}
{"level":"error","message":"userIdAndSPH method has started","timestamp":"2022-08-22T12:41:41.461Z"}
{"level":"error","message":"App running on port 3000...","timestamp":"2022-08-22T12:42:07.099Z"}
{"level":"error","message":"App running on port 3000...","timestamp":"2022-08-22T12:42:12.689Z"}
{"level":"error","message":"App running on port 3000...","timestamp":"2022-08-22T12:42:15.044Z"}
{"level":"error","message":"userIdAndSPH method has started","timestamp":"2022-08-22T12:42:19.758Z"}
{"level":"error","message":"App running on port 3000...","timestamp":"2022-08-22T12:42:40.797Z"}
{"level":"error","message":"userIdAndSPH method has started","timestamp":"2022-08-22T12:42:48.016Z"}
{"level":"error","message":"App running on port 3000...","timestamp":"2022-08-22T12:43:21.577Z"}
{"level":"error","message":"App running on port 3000...","timestamp":"2022-08-22T12:43:24.151Z"}
{"level":"error","message":"App running on port 3000...","timestamp":"2022-08-22T12:43:28.374Z"}
{"level":"error","message":"userIdAndSPH method has started","timestamp":"2022-08-22T12:43:33.625Z"}
{"level":"error","message":"App running on port 3000...","timestamp":"2022-08-22T12:43:45.065Z"}
{"level":"error","message":"App running on port 3000...","timestamp":"2022-08-22T12:44:15.201Z"}
{"level":"error","message":"App running on port 3000...","timestamp":"2022-08-22T12:44:17.783Z"}
{"level":"error","message":"App running on port 3000...","timestamp":"2022-08-22T12:44:24.518Z"}
{"level":"error","message":"App running on port 3000...","timestamp":"2022-08-22T12:44:34.386Z"}
{"level":"error","message":"App running on port 3000...","timestamp":"2022-08-22T12:44:46.674Z"}
{"level":"error","message":"App running on port 3000...","timestamp":"2022-08-22T12:44:52.289Z"}
{"level":"error","message":"App running on port 3000...","timestamp":"2022-08-22T12:44:55.565Z"}
{"level":"error","message":"App running on port 3000...","timestamp":"2022-08-22T12:45:41.010Z"}
{"level":"error","message":"App running on port 3000...","timestamp":"2022-08-22T12:47:22.381Z"}
{"level":"error","message":"App running on port 3000...","timestamp":"2022-08-22T12:49:22.362Z"}
{"level":"error","message":"userIdAndSPH method has started","timestamp":"2022-08-22T12:49:35.047Z"}
{"level":"error","message":"userIdAndSPH method has started","timestamp":"2022-08-22T12:49:35.050Z"}
{"level":"error","message":"App running on port 3000...","timestamp":"2022-08-22T12:50:02.408Z"}
{"level":"error","message":"userIdAndSPH method has started","timestamp":"2022-08-22T12:50:08.577Z"}
{"level":"error","message":"App running on port 3000...","timestamp":"2022-08-22T12:50:30.734Z"}
{"level":"error","message":"App running on port 3000...","timestamp":"2022-08-22T12:50:34.468Z"}
{"level":"error","message":"App running on port 3000...","timestamp":"2022-08-22T12:50:40.351Z"}
{"level":"error","message":"userIdAndSPH method has started","timestamp":"2022-08-22T12:50:45.760Z"}
{"level":"error","message":"App running on port 3000...","timestamp":"2022-08-22T12:53:56.199Z"}
{"level":"error","message":"App running on port 3000...","timestamp":"2022-08-22T12:54:02.227Z"}
{"level":"error","message":"App running on port 3000...","timestamp":"2022-08-22T12:54:05.419Z"}
{"level":"error","message":"App running on port 3000...","timestamp":"2022-08-22T12:54:14.919Z"}
{"level":"error","message":"App running on port 3000...","timestamp":"2022-08-22T12:54:22.478Z"}
{"level":"error","message":"App running on port 3000...","timestamp":"2022-08-22T12:54:25.361Z"}
{"level":"error","message":"App running on port 3000...","timestamp":"2022-08-22T12:54:28.739Z"}
{"level":"error","message":"App running on port 3000...","timestamp":"2022-08-22T12:54:31.803Z"}
{"level":"error","message":"App running on port 3000...","timestamp":"2022-08-22T12:54:36.389Z"}
{"level":"error","message":"App running on port 3000...","timestamp":"2022-08-22T12:54:40.608Z"}
{"level":"error","message":"App running on port 3000...","timestamp":"2022-08-22T12:54:45.668Z"}
{"level":"error","message":"App running on port 3000...","timestamp":"2022-08-22T12:54:50.550Z"}
{"level":"error","message":"App running on port 3000...","timestamp":"2022-08-22T12:54:56.669Z"}
{"level":"error","message":"App running on port 3000...","timestamp":"2022-08-22T12:55:05.323Z"}
{"level":"error","message":"App running on port 3000...","timestamp":"2022-08-22T12:55:09.377Z"}
{"level":"error","message":"App running on port 3000...","timestamp":"2022-08-22T13:32:38.699Z"}
{"level":"error","message":"userIdAndSPH method has started","timestamp":"2022-08-22T13:36:41.973Z"}
{"level":"error","message":"App running on port 3000...","timestamp":"2022-08-22T13:39:20.639Z"}
{"level":"error","message":"userIdAndSPH method has started","timestamp":"2022-08-22T13:39:28.836Z"}
{"level":"error","message":"App running on port 3000...","timestamp":"2022-08-22T18:05:29.986Z"}
